{"C:\\Users\\hihihihi\\Desktop\\programming\\pet\\crypto-test\\src\\shared\\utils\\checkInclusiveStrings\\checkInclusiveStrings.ts": {"path":"C:\\Users\\hihihihi\\Desktop\\programming\\pet\\crypto-test\\src\\shared\\utils\\checkInclusiveStrings\\checkInclusiveStrings.ts","all":false,"statementMap":{"0":{"start":{"line":1,"column":0},"end":{"line":1,"column":77}},"1":{"start":{"line":2,"column":0},"end":{"line":2,"column":33}},"2":{"start":{"line":3,"column":0},"end":{"line":3,"column":53}},"3":{"start":{"line":4,"column":0},"end":{"line":4,"column":4}},"4":{"start":{"line":5,"column":0},"end":{"line":5,"column":0}},"5":{"start":{"line":6,"column":0},"end":{"line":6,"column":13}},"6":{"start":{"line":7,"column":0},"end":{"line":7,"column":1}}},"s":{"0":1,"1":3,"2":4,"3":3,"4":3,"5":3,"6":3},"branchMap":{"0":{"type":"branch","line":1,"loc":{"start":{"line":1,"column":76},"end":{"line":7,"column":1}},"locations":[{"start":{"line":1,"column":76},"end":{"line":7,"column":1}}]},"1":{"type":"branch","line":2,"loc":{"start":{"line":2,"column":27},"end":{"line":3,"column":53}},"locations":[{"start":{"line":2,"column":27},"end":{"line":3,"column":53}}]}},"b":{"0":[3],"1":[4]},"fnMap":{"0":{"name":"checkInclusiveStrings","decl":{"start":{"line":1,"column":76},"end":{"line":7,"column":1}},"loc":{"start":{"line":1,"column":76},"end":{"line":7,"column":1}},"line":1}},"f":{"0":3}}
,"C:\\Users\\hihihihi\\Desktop\\programming\\pet\\crypto-test\\src\\shared\\utils\\debounce\\debounce.ts": {"path":"C:\\Users\\hihihihi\\Desktop\\programming\\pet\\crypto-test\\src\\shared\\utils\\debounce\\debounce.ts","all":false,"statementMap":{"0":{"start":{"line":1,"column":0},"end":{"line":1,"column":69}},"1":{"start":{"line":2,"column":0},"end":{"line":2,"column":25}},"2":{"start":{"line":3,"column":0},"end":{"line":3,"column":0}},"3":{"start":{"line":4,"column":0},"end":{"line":4,"column":22}},"4":{"start":{"line":5,"column":0},"end":{"line":5,"column":27}},"5":{"start":{"line":6,"column":0},"end":{"line":6,"column":0}},"6":{"start":{"line":7,"column":0},"end":{"line":7,"column":22}},"7":{"start":{"line":8,"column":0},"end":{"line":8,"column":30}},"8":{"start":{"line":9,"column":0},"end":{"line":9,"column":0}},"9":{"start":{"line":10,"column":0},"end":{"line":10,"column":22}},"10":{"start":{"line":11,"column":0},"end":{"line":11,"column":0}},"11":{"start":{"line":12,"column":0},"end":{"line":12,"column":50}},"12":{"start":{"line":13,"column":0},"end":{"line":13,"column":4}},"13":{"start":{"line":14,"column":0},"end":{"line":14,"column":1}}},"s":{"0":1,"1":1,"2":1,"3":1,"4":3,"5":2,"6":2,"7":2,"8":2,"9":2,"10":2,"11":2,"12":3,"13":1},"branchMap":{"0":{"type":"branch","line":1,"loc":{"start":{"line":1,"column":68},"end":{"line":14,"column":1}},"locations":[{"start":{"line":1,"column":68},"end":{"line":14,"column":1}}]},"1":{"type":"branch","line":4,"loc":{"start":{"line":4,"column":9},"end":{"line":13,"column":4}},"locations":[{"start":{"line":4,"column":9},"end":{"line":13,"column":4}}]},"2":{"type":"branch","line":5,"loc":{"start":{"line":5,"column":20},"end":{"line":5,"column":27}},"locations":[{"start":{"line":5,"column":20},"end":{"line":5,"column":27}}]},"3":{"type":"branch","line":5,"loc":{"start":{"line":5,"column":20},"end":{"line":12,"column":50}},"locations":[{"start":{"line":5,"column":20},"end":{"line":12,"column":50}}]},"4":{"type":"branch","line":12,"loc":{"start":{"line":12,"column":15},"end":{"line":12,"column":43}},"locations":[{"start":{"line":12,"column":15},"end":{"line":12,"column":43}}]}},"b":{"0":[1],"1":[3],"2":[1],"3":[2],"4":[1]},"fnMap":{"0":{"name":"debounce","decl":{"start":{"line":1,"column":68},"end":{"line":14,"column":1}},"loc":{"start":{"line":1,"column":68},"end":{"line":14,"column":1}},"line":1}},"f":{"0":1}}
,"C:\\Users\\hihihihi\\Desktop\\programming\\pet\\crypto-test\\src\\shared\\utils\\importEnvWithError\\importEnvWithError.ts": {"path":"C:\\Users\\hihihihi\\Desktop\\programming\\pet\\crypto-test\\src\\shared\\utils\\importEnvWithError\\importEnvWithError.ts","all":false,"statementMap":{"0":{"start":{"line":1,"column":0},"end":{"line":1,"column":64}},"1":{"start":{"line":2,"column":0},"end":{"line":2,"column":37}},"2":{"start":{"line":3,"column":0},"end":{"line":3,"column":0}},"3":{"start":{"line":4,"column":0},"end":{"line":4,"column":54}},"4":{"start":{"line":5,"column":0},"end":{"line":5,"column":0}},"5":{"start":{"line":6,"column":0},"end":{"line":6,"column":20}},"6":{"start":{"line":7,"column":0},"end":{"line":7,"column":1}}},"s":{"0":1,"1":2,"2":2,"3":2,"4":1,"5":1,"6":1},"branchMap":{"0":{"type":"branch","line":1,"loc":{"start":{"line":1,"column":63},"end":{"line":7,"column":1}},"locations":[{"start":{"line":1,"column":63},"end":{"line":7,"column":1}}]},"1":{"type":"branch","line":4,"loc":{"start":{"line":4,"column":14},"end":{"line":7,"column":1}},"locations":[{"start":{"line":4,"column":14},"end":{"line":7,"column":1}}]}},"b":{"0":[2],"1":[1]},"fnMap":{"0":{"name":"importEnvWithError","decl":{"start":{"line":1,"column":63},"end":{"line":7,"column":1}},"loc":{"start":{"line":1,"column":63},"end":{"line":7,"column":1}},"line":1}},"f":{"0":2}}
,"C:\\Users\\hihihihi\\Desktop\\programming\\pet\\crypto-test\\src\\shared\\utils\\pickFields\\pickFields.ts": {"path":"C:\\Users\\hihihihi\\Desktop\\programming\\pet\\crypto-test\\src\\shared\\utils\\pickFields\\pickFields.ts","all":false,"statementMap":{"0":{"start":{"line":1,"column":0},"end":{"line":1,"column":27}},"1":{"start":{"line":2,"column":0},"end":{"line":2,"column":19}},"2":{"start":{"line":3,"column":0},"end":{"line":3,"column":27}},"3":{"start":{"line":4,"column":0},"end":{"line":4,"column":38}},"4":{"start":{"line":5,"column":0},"end":{"line":5,"column":28}},"5":{"start":{"line":6,"column":0},"end":{"line":6,"column":49}},"6":{"start":{"line":7,"column":0},"end":{"line":7,"column":27}},"7":{"start":{"line":8,"column":0},"end":{"line":8,"column":15}},"8":{"start":{"line":9,"column":0},"end":{"line":9,"column":21}},"9":{"start":{"line":10,"column":0},"end":{"line":10,"column":0}},"10":{"start":{"line":11,"column":0},"end":{"line":11,"column":19}},"11":{"start":{"line":12,"column":0},"end":{"line":12,"column":1}}},"s":{"0":1,"1":1,"2":1,"3":1,"4":1,"5":2,"6":1,"7":1,"8":2,"9":2,"10":2,"11":2},"branchMap":{"0":{"type":"branch","line":5,"loc":{"start":{"line":5,"column":27},"end":{"line":12,"column":1}},"locations":[{"start":{"line":5,"column":27},"end":{"line":12,"column":1}}]},"1":{"type":"branch","line":6,"loc":{"start":{"line":6,"column":34},"end":{"line":9,"column":5}},"locations":[{"start":{"line":6,"column":34},"end":{"line":9,"column":5}}]}},"b":{"0":[2],"1":[1]},"fnMap":{"0":{"name":"pickFields","decl":{"start":{"line":5,"column":27},"end":{"line":12,"column":1}},"loc":{"start":{"line":5,"column":27},"end":{"line":12,"column":1}},"line":5}},"f":{"0":2}}
,"C:\\Users\\hihihihi\\Desktop\\programming\\pet\\crypto-test\\src\\shared\\utils\\sleep\\sleep.ts": {"path":"C:\\Users\\hihihihi\\Desktop\\programming\\pet\\crypto-test\\src\\shared\\utils\\sleep\\sleep.ts","all":false,"statementMap":{"0":{"start":{"line":1,"column":0},"end":{"line":1,"column":50}},"1":{"start":{"line":2,"column":0},"end":{"line":2,"column":48}},"2":{"start":{"line":3,"column":0},"end":{"line":3,"column":1}}},"s":{"0":1,"1":1,"2":1},"branchMap":{"0":{"type":"branch","line":1,"loc":{"start":{"line":1,"column":49},"end":{"line":3,"column":1}},"locations":[{"start":{"line":1,"column":49},"end":{"line":3,"column":1}}]},"1":{"type":"branch","line":2,"loc":{"start":{"line":2,"column":21},"end":{"line":2,"column":46}},"locations":[{"start":{"line":2,"column":21},"end":{"line":2,"column":46}}]}},"b":{"0":[1],"1":[1]},"fnMap":{"0":{"name":"sleep","decl":{"start":{"line":1,"column":49},"end":{"line":3,"column":1}},"loc":{"start":{"line":1,"column":49},"end":{"line":3,"column":1}},"line":1}},"f":{"0":1}}
}
